have_func: checking for mysql_ssl_set()... -------------------- yes

"clang -o conftest -I/Users/dmitri/.rbenv/versions/1.9.3-p0/include/ruby-1.9.1/x86_64-darwin12.2.0 -I/Users/dmitri/.rbenv/versions/1.9.3-p0/include/ruby-1.9.1/ruby/backward -I/Users/dmitri/.rbenv/versions/1.9.3-p0/include/ruby-1.9.1 -I. -D_XOPEN_SOURCE -D_DARWIN_C_SOURCE   -I/usr/local/Cellar/mysql/5.5.27/include -Os -w -pipe  -g  -O3 -ggdb -Wextra -Wno-unused-parameter -Wno-parentheses -Wno-long-long -Wno-missing-field-initializers -Wpointer-arith -Wwrite-strings -Wdeclaration-after-statement -Wshorten-64-to-32 -Wimplicit-function-declaration  -pipe conftest.c  -L. -L/Users/dmitri/.rbenv/versions/1.9.3-p0/lib -L. -L/usr/local/lib    -L/usr/local/Cellar/mysql/5.5.27/lib -lmysqlclient  -lz -lssl -lcrypto  -lruby-static  -lpthread -ldl -lobjc "
checked program was:
/* begin */
1: #include "ruby.h"
2: 
3: int main() {return 0;}
/* end */

"clang -o conftest -I/Users/dmitri/.rbenv/versions/1.9.3-p0/include/ruby-1.9.1/x86_64-darwin12.2.0 -I/Users/dmitri/.rbenv/versions/1.9.3-p0/include/ruby-1.9.1/ruby/backward -I/Users/dmitri/.rbenv/versions/1.9.3-p0/include/ruby-1.9.1 -I. -D_XOPEN_SOURCE -D_DARWIN_C_SOURCE   -I/usr/local/Cellar/mysql/5.5.27/include -Os -w -pipe  -g  -O3 -ggdb -Wextra -Wno-unused-parameter -Wno-parentheses -Wno-long-long -Wno-missing-field-initializers -Wpointer-arith -Wwrite-strings -Wdeclaration-after-statement -Wshorten-64-to-32 -Wimplicit-function-declaration  -pipe conftest.c  -L. -L/Users/dmitri/.rbenv/versions/1.9.3-p0/lib -L. -L/usr/local/lib    -L/usr/local/Cellar/mysql/5.5.27/lib -lmysqlclient  -lz -lssl -lcrypto  -lruby-static -L/usr/local/Cellar/mysql/5.5.27/lib -lmysqlclient  -lz -lssl -lcrypto  -lpthread -ldl -lobjc "
conftest.c:5:53: error: use of undeclared identifier 'mysql_ssl_set'
int t() { void ((*volatile p)()); p = (void ((*)()))mysql_ssl_set; return 0; }
                                                    ^
1 error generated.
checked program was:
/* begin */
1: #include "ruby.h"
2: 
3: /*top*/
4: int main() {return 0;}
5: int t() { void ((*volatile p)()); p = (void ((*)()))mysql_ssl_set; return 0; }
/* end */

"clang -o conftest -I/Users/dmitri/.rbenv/versions/1.9.3-p0/include/ruby-1.9.1/x86_64-darwin12.2.0 -I/Users/dmitri/.rbenv/versions/1.9.3-p0/include/ruby-1.9.1/ruby/backward -I/Users/dmitri/.rbenv/versions/1.9.3-p0/include/ruby-1.9.1 -I. -D_XOPEN_SOURCE -D_DARWIN_C_SOURCE   -I/usr/local/Cellar/mysql/5.5.27/include -Os -w -pipe  -g  -O3 -ggdb -Wextra -Wno-unused-parameter -Wno-parentheses -Wno-long-long -Wno-missing-field-initializers -Wpointer-arith -Wwrite-strings -Wdeclaration-after-statement -Wshorten-64-to-32 -Wimplicit-function-declaration  -pipe conftest.c  -L. -L/Users/dmitri/.rbenv/versions/1.9.3-p0/lib -L. -L/usr/local/lib    -L/usr/local/Cellar/mysql/5.5.27/lib -lmysqlclient  -lz -lssl -lcrypto  -lruby-static -L/usr/local/Cellar/mysql/5.5.27/lib -lmysqlclient  -lz -lssl -lcrypto  -lpthread -ldl -lobjc "
checked program was:
/* begin */
1: #include "ruby.h"
2: 
3: /*top*/
4: int main() {return 0;}
5: int t() { mysql_ssl_set(); return 0; }
/* end */

--------------------

have_func: checking for rb_str_set_len()... -------------------- yes

"clang -o conftest -I/Users/dmitri/.rbenv/versions/1.9.3-p0/include/ruby-1.9.1/x86_64-darwin12.2.0 -I/Users/dmitri/.rbenv/versions/1.9.3-p0/include/ruby-1.9.1/ruby/backward -I/Users/dmitri/.rbenv/versions/1.9.3-p0/include/ruby-1.9.1 -I. -D_XOPEN_SOURCE -D_DARWIN_C_SOURCE   -I/usr/local/Cellar/mysql/5.5.27/include -Os -w -pipe  -g  -O3 -ggdb -Wextra -Wno-unused-parameter -Wno-parentheses -Wno-long-long -Wno-missing-field-initializers -Wpointer-arith -Wwrite-strings -Wdeclaration-after-statement -Wshorten-64-to-32 -Wimplicit-function-declaration  -pipe conftest.c  -L. -L/Users/dmitri/.rbenv/versions/1.9.3-p0/lib -L. -L/usr/local/lib    -L/usr/local/Cellar/mysql/5.5.27/lib -lmysqlclient  -lz -lssl -lcrypto  -lruby-static -L/usr/local/Cellar/mysql/5.5.27/lib -lmysqlclient  -lz -lssl -lcrypto  -lpthread -ldl -lobjc "
checked program was:
/* begin */
1: #include "ruby.h"
2: 
3: /*top*/
4: int main() {return 0;}
5: int t() { void ((*volatile p)()); p = (void ((*)()))rb_str_set_len; return 0; }
/* end */

--------------------

have_func: checking for rb_thread_start_timer()... -------------------- no

"clang -o conftest -I/Users/dmitri/.rbenv/versions/1.9.3-p0/include/ruby-1.9.1/x86_64-darwin12.2.0 -I/Users/dmitri/.rbenv/versions/1.9.3-p0/include/ruby-1.9.1/ruby/backward -I/Users/dmitri/.rbenv/versions/1.9.3-p0/include/ruby-1.9.1 -I. -D_XOPEN_SOURCE -D_DARWIN_C_SOURCE   -I/usr/local/Cellar/mysql/5.5.27/include -Os -w -pipe  -g  -O3 -ggdb -Wextra -Wno-unused-parameter -Wno-parentheses -Wno-long-long -Wno-missing-field-initializers -Wpointer-arith -Wwrite-strings -Wdeclaration-after-statement -Wshorten-64-to-32 -Wimplicit-function-declaration  -pipe conftest.c  -L. -L/Users/dmitri/.rbenv/versions/1.9.3-p0/lib -L. -L/usr/local/lib    -L/usr/local/Cellar/mysql/5.5.27/lib -lmysqlclient  -lz -lssl -lcrypto  -lruby-static -L/usr/local/Cellar/mysql/5.5.27/lib -lmysqlclient  -lz -lssl -lcrypto  -lpthread -ldl -lobjc "
conftest.c:5:53: error: use of undeclared identifier 'rb_thread_start_timer'
int t() { void ((*volatile p)()); p = (void ((*)()))rb_thread_start_timer; return 0; }
                                                    ^
1 error generated.
checked program was:
/* begin */
1: #include "ruby.h"
2: 
3: /*top*/
4: int main() {return 0;}
5: int t() { void ((*volatile p)()); p = (void ((*)()))rb_thread_start_timer; return 0; }
/* end */

"clang -o conftest -I/Users/dmitri/.rbenv/versions/1.9.3-p0/include/ruby-1.9.1/x86_64-darwin12.2.0 -I/Users/dmitri/.rbenv/versions/1.9.3-p0/include/ruby-1.9.1/ruby/backward -I/Users/dmitri/.rbenv/versions/1.9.3-p0/include/ruby-1.9.1 -I. -D_XOPEN_SOURCE -D_DARWIN_C_SOURCE   -I/usr/local/Cellar/mysql/5.5.27/include -Os -w -pipe  -g  -O3 -ggdb -Wextra -Wno-unused-parameter -Wno-parentheses -Wno-long-long -Wno-missing-field-initializers -Wpointer-arith -Wwrite-strings -Wdeclaration-after-statement -Wshorten-64-to-32 -Wimplicit-function-declaration  -pipe conftest.c  -L. -L/Users/dmitri/.rbenv/versions/1.9.3-p0/lib -L. -L/usr/local/lib    -L/usr/local/Cellar/mysql/5.5.27/lib -lmysqlclient  -lz -lssl -lcrypto  -lruby-static -L/usr/local/Cellar/mysql/5.5.27/lib -lmysqlclient  -lz -lssl -lcrypto  -lpthread -ldl -lobjc "
Undefined symbols for architecture x86_64:
  "_rb_thread_start_timer", referenced from:
      _t in conftest-YYjBfH.o
ld: symbol(s) not found for architecture x86_64
clang: error: linker command failed with exit code 1 (use -v to see invocation)
checked program was:
/* begin */
1: #include "ruby.h"
2: 
3: /*top*/
4: int main() {return 0;}
5: int t() { rb_thread_start_timer(); return 0; }
/* end */

--------------------

have_header: checking for mysql.h... -------------------- yes

"clang -E -I/Users/dmitri/.rbenv/versions/1.9.3-p0/include/ruby-1.9.1/x86_64-darwin12.2.0 -I/Users/dmitri/.rbenv/versions/1.9.3-p0/include/ruby-1.9.1/ruby/backward -I/Users/dmitri/.rbenv/versions/1.9.3-p0/include/ruby-1.9.1 -I. -D_XOPEN_SOURCE -D_DARWIN_C_SOURCE   -I/usr/local/Cellar/mysql/5.5.27/include -Os -w -pipe  -g  -O3 -ggdb -Wextra -Wno-unused-parameter -Wno-parentheses -Wno-long-long -Wno-missing-field-initializers -Wpointer-arith -Wwrite-strings -Wdeclaration-after-statement -Wshorten-64-to-32 -Wimplicit-function-declaration  -pipe  conftest.c -o conftest.i"
checked program was:
/* begin */
1: #include "ruby.h"
2: 
3: #include <mysql.h>
/* end */

--------------------

